<?xml version="1.0" encoding="UTF-8"?>
<!-- Generated by org.testng.reporters.JUnitReportReporter -->
<testsuite hostname="DESKTOP-EG6P0UN" failures="0" tests="3" name="com.crm.LoginPageTest" time="19.315" errors="0" timestamp="2019-12-04T14:29:06 EST" skipped="0">
  <testcase classname="com.crm.LoginPageTest" name="loginPageTitleTest" time="6.594"/>
  <testcase classname="com.crm.LoginPageTest" name="logoImageTest" time="5.678"/>
  <testcase classname="com.crm.LoginPageTest" name="loginTest" time="7.043"/>
</testsuite> <!-- com.crm.LoginPageTest -->
