<?xml version="1.0" encoding="UTF-8"?>
<!-- Generated by org.testng.reporters.JUnitReportReporter -->
<testsuite hostname="DESKTOP-EG6P0UN" failures="0" tests="1" name="com.howtodoinjava.test.MyThirdTest" time="0.002" errors="0" timestamp="2019-11-18T12:00:53 EST" skipped="0">
  <testcase classname="com.howtodoinjava.test.MyThirdTest" name="f" time="0.002"/>
</testsuite> <!-- com.howtodoinjava.test.MyThirdTest -->
