<?xml version="1.0" encoding="UTF-8"?>
<!-- Generated by org.testng.reporters.JUnitReportReporter -->
<testsuite hostname="DESKTOP-EG6P0UN" failures="0" tests="3" name="com.howtodoinjava.test.MyFourthTest" time="0.024" errors="0" timestamp="2019-11-18T12:23:38 EST" skipped="0">
  <testcase classname="com.howtodoinjava.test.MyFourthTest" name="m2" time="0.005"/>
  <testcase classname="com.howtodoinjava.test.MyFourthTest" name="m3" time="0.007"/>
  <testcase classname="com.howtodoinjava.test.MyFourthTest" name="m1" time="0.012"/>
</testsuite> <!-- com.howtodoinjava.test.MyFourthTest -->
